2013/05/06 17:15:03 [error] 21970#0: *81 upstream prematurely closed connection while reading response header from upstream, client: 211.87.237.72, server: _, request: "POST /test/test.T_save$user HTTP/1.1", upstream: "passenger:unix:/passenger_helper_server:", host: "0.0.0.0:3001"
[ pid=21977 thr=70224879762400 file=utils.rb:176 time=2013-05-06 17:15:03.094 ]: *** Exception Mongo::MongoDBError in application (Collection test doesn't exist. Currently in strict mode.) (process 21977, thread #<Thread:0x007fbd020677c0>):
	from /Users/juqiang/.rvm/gems/ruby-1.9.3-p392/gems/mongo-1.6.2/lib/mongo/db.rb:313:in `collection'
	from /Users/juqiang/GraduationDesign/v1/restv1/drowsy_dromedary.rb:194:in `block (3 levels) in <class:DrowsyDromedary>'
	from /Users/juqiang/.rvm/gems/ruby-1.9.3-p392/bundler/gems/grape-346fb940d126/lib/grape/endpoint.rb:271:in `instance_eval'
	from /Users/juqiang/.rvm/gems/ruby-1.9.3-p392/bundler/gems/grape-346fb940d126/lib/grape/endpoint.rb:271:in `run'
	from /Users/juqiang/.rvm/gems/ruby-1.9.3-p392/bundler/gems/grape-346fb940d126/lib/grape/endpoint.rb:113:in `block in call!'
	from /Users/juqiang/.rvm/gems/ruby-1.9.3-p392/bundler/gems/grape-346fb940d126/lib/grape/middleware/base.rb:25:in `call'
	from /Users/juqiang/.rvm/gems/ruby-1.9.3-p392/bundler/gems/grape-346fb940d126/lib/grape/middleware/base.rb:25:in `call!'
	from /Users/juqiang/.rvm/gems/ruby-1.9.3-p392/bundler/gems/grape-346fb940d126/lib/grape/middleware/base.rb:19:in `call'
	from /Users/juqiang/.rvm/gems/ruby-1.9.3-p392/bundler/gems/grape-346fb940d126/lib/grape/middleware/base.rb:25:in `call!'
	from /Users/juqiang/.rvm/gems/ruby-1.9.3-p392/bundler/gems/grape-346fb940d126/lib/grape/middleware/base.rb:19:in `call'
	from /Users/juqiang/.rvm/gems/ruby-1.9.3-p392/bundler/gems/grape-346fb940d126/lib/grape/middleware/error.rb:44:in `block in call!'
	from /Users/juqiang/.rvm/gems/ruby-1.9.3-p392/bundler/gems/grape-346fb940d126/lib/grape/middleware/error.rb:43:in `catch'
	from /Users/juqiang/.rvm/gems/ruby-1.9.3-p392/bundler/gems/grape-346fb940d126/lib/grape/middleware/error.rb:43:in `call!'
	from /Users/juqiang/.rvm/gems/ruby-1.9.3-p392/bundler/gems/grape-346fb940d126/lib/grape/middleware/base.rb:19:in `call'
	from /Users/juqiang/.rvm/gems/ruby-1.9.3-p392/gems/rack-1.4.1/lib/rack/builder.rb:134:in `call'
	from /Users/juqiang/.rvm/gems/ruby-1.9.3-p392/bundler/gems/grape-346fb940d126/lib/grape/endpoint.rb:114:in `call!'
	from /Users/juqiang/.rvm/gems/ruby-1.9.3-p392/bundler/gems/grape-346fb940d126/lib/grape/endpoint.rb:104:in `call'
	from /Users/juqiang/.rvm/gems/ruby-1.9.3-p392/gems/rack-mount-0.8.3/lib/rack/mount/route_set.rb:152:in `block in call'
	from /Users/juqiang/.rvm/gems/ruby-1.9.3-p392/gems/rack-mount-0.8.3/lib/rack/mount/code_generation.rb:96:in `block in recognize'
	from /Users/juqiang/.rvm/gems/ruby-1.9.3-p392/gems/rack-mount-0.8.3/lib/rack/mount/code_generation.rb:82:in `optimized_each'
	from /Users/juqiang/.rvm/gems/ruby-1.9.3-p392/gems/rack-mount-0.8.3/lib/rack/mount/code_generation.rb:95:in `recognize'
	from /Users/juqiang/.rvm/gems/ruby-1.9.3-p392/gems/rack-mount-0.8.3/lib/rack/mount/route_set.rb:141:in `call'
	from /Users/juqiang/.rvm/gems/ruby-1.9.3-p392/bundler/gems/grape-346fb940d126/lib/grape/api.rb:399:in `call'
	from /Users/juqiang/.rvm/gems/ruby-1.9.3-p392/bundler/gems/grape-346fb940d126/lib/grape/api.rb:51:in `call!'
	from /Users/juqiang/.rvm/gems/ruby-1.9.3-p392/bundler/gems/grape-346fb940d126/lib/grape/api.rb:47:in `call'
	from /Users/juqiang/.rvm/gems/ruby-1.9.3-p392/gems/rack-cors-0.2.6/lib/rack/cors.rb:51:in `call'
	from /Users/juqiang/.passenger/standalone/3.0.19-x86_64-ruby1.9.3-macosx-10.7/support/lib/phusion_passenger/rack/request_handler.rb:96:in `process_request'
	from /Users/juqiang/.passenger/standalone/3.0.19-x86_64-ruby1.9.3-macosx-10.7/support/lib/phusion_passenger/abstract_request_handler.rb:516:in `accept_and_process_next_request'
	from /Users/juqiang/.passenger/standalone/3.0.19-x86_64-ruby1.9.3-macosx-10.7/support/lib/phusion_passenger/abstract_request_handler.rb:274:in `main_loop'
	from /Users/juqiang/.passenger/standalone/3.0.19-x86_64-ruby1.9.3-macosx-10.7/support/lib/phusion_passenger/rack/application_spawner.rb:206:in `start_request_handler'
	from /Users/juqiang/.passenger/standalone/3.0.19-x86_64-ruby1.9.3-macosx-10.7/support/lib/phusion_passenger/rack/application_spawner.rb:171:in `block in handle_spawn_application'
	from /Users/juqiang/.passenger/standalone/3.0.19-x86_64-ruby1.9.3-macosx-10.7/support/lib/phusion_passenger/utils.rb:470:in `safe_fork'
	from /Users/juqiang/.passenger/standalone/3.0.19-x86_64-ruby1.9.3-macosx-10.7/support/lib/phusion_passenger/rack/application_spawner.rb:166:in `handle_spawn_application'
	from /Users/juqiang/.passenger/standalone/3.0.19-x86_64-ruby1.9.3-macosx-10.7/support/lib/phusion_passenger/abstract_server.rb:357:in `server_main_loop'
	from /Users/juqiang/.passenger/standalone/3.0.19-x86_64-ruby1.9.3-macosx-10.7/support/lib/phusion_passenger/abstract_server.rb:206:in `start_synchronously'
	from /Users/juqiang/.passenger/standalone/3.0.19-x86_64-ruby1.9.3-macosx-10.7/support/lib/phusion_passenger/abstract_server.rb:180:in `start'
	from /Users/juqiang/.passenger/standalone/3.0.19-x86_64-ruby1.9.3-macosx-10.7/support/lib/phusion_passenger/rack/application_spawner.rb:129:in `start'
	from /Users/juqiang/.passenger/standalone/3.0.19-x86_64-ruby1.9.3-macosx-10.7/support/lib/phusion_passenger/spawn_manager.rb:253:in `block (2 levels) in spawn_rack_application'
	from /Users/juqiang/.passenger/standalone/3.0.19-x86_64-ruby1.9.3-macosx-10.7/support/lib/phusion_passenger/abstract_server_collection.rb:132:in `lookup_or_add'
	from /Users/juqiang/.passenger/standalone/3.0.19-x86_64-ruby1.9.3-macosx-10.7/support/lib/phusion_passenger/spawn_manager.rb:246:in `block in spawn_rack_application'
	from /Users/juqiang/.passenger/standalone/3.0.19-x86_64-ruby1.9.3-macosx-10.7/support/lib/phusion_passenger/abstract_server_collection.rb:82:in `block in synchronize'
	from <internal:prelude>:10:in `synchronize'
	from /Users/juqiang/.passenger/standalone/3.0.19-x86_64-ruby1.9.3-macosx-10.7/support/lib/phusion_passenger/abstract_server_collection.rb:79:in `synchronize'
	from /Users/juqiang/.passenger/standalone/3.0.19-x86_64-ruby1.9.3-macosx-10.7/support/lib/phusion_passenger/spawn_manager.rb:244:in `spawn_rack_application'
	from /Users/juqiang/.passenger/standalone/3.0.19-x86_64-ruby1.9.3-macosx-10.7/support/lib/phusion_passenger/spawn_manager.rb:137:in `spawn_application'
	from /Users/juqiang/.passenger/standalone/3.0.19-x86_64-ruby1.9.3-macosx-10.7/support/lib/phusion_passenger/spawn_manager.rb:275:in `handle_spawn_application'
	from /Users/juqiang/.passenger/standalone/3.0.19-x86_64-ruby1.9.3-macosx-10.7/support/lib/phusion_passenger/abstract_server.rb:357:in `server_main_loop'
	from /Users/juqiang/.passenger/standalone/3.0.19-x86_64-ruby1.9.3-macosx-10.7/support/lib/phusion_passenger/abstract_server.rb:206:in `start_synchronously'
	from /Users/juqiang/.passenger/standalone/3.0.19-x86_64-ruby1.9.3-macosx-10.7/support/helper-scripts/passenger-spawn-server:99:in `<main>'
2013/05/06 17:16:30 [error] 21970#0: *99 upstream prematurely closed connection while reading response header from upstream, client: 211.87.237.72, server: _, request: "POST /test/test.T_save$user HTTP/1.1", upstream: "passenger:unix:/passenger_helper_server:", host: "0.0.0.0:3001"
[ pid=23881 thr=70224879762400 file=utils.rb:176 time=2013-05-06 17:16:30.902 ]: *** Exception Mongo::MongoDBError in application (Collection test doesn't exist. Currently in strict mode.) (process 23881, thread #<Thread:0x007fbd020677c0>):
	from /Users/juqiang/.rvm/gems/ruby-1.9.3-p392/gems/mongo-1.6.2/lib/mongo/db.rb:313:in `collection'
	from /Users/juqiang/GraduationDesign/v1/restv1/drowsy_dromedary.rb:194:in `block (3 levels) in <class:DrowsyDromedary>'
	from /Users/juqiang/.rvm/gems/ruby-1.9.3-p392/bundler/gems/grape-346fb940d126/lib/grape/endpoint.rb:271:in `instance_eval'
	from /Users/juqiang/.rvm/gems/ruby-1.9.3-p392/bundler/gems/grape-346fb940d126/lib/grape/endpoint.rb:271:in `run'
	from /Users/juqiang/.rvm/gems/ruby-1.9.3-p392/bundler/gems/grape-346fb940d126/lib/grape/endpoint.rb:113:in `block in call!'
	from /Users/juqiang/.rvm/gems/ruby-1.9.3-p392/bundler/gems/grape-346fb940d126/lib/grape/middleware/base.rb:25:in `call'
	from /Users/juqiang/.rvm/gems/ruby-1.9.3-p392/bundler/gems/grape-346fb940d126/lib/grape/middleware/base.rb:25:in `call!'
	from /Users/juqiang/.rvm/gems/ruby-1.9.3-p392/bundler/gems/grape-346fb940d126/lib/grape/middleware/base.rb:19:in `call'
	from /Users/juqiang/.rvm/gems/ruby-1.9.3-p392/bundler/gems/grape-346fb940d126/lib/grape/middleware/base.rb:25:in `call!'
	from /Users/juqiang/.rvm/gems/ruby-1.9.3-p392/bundler/gems/grape-346fb940d126/lib/grape/middleware/base.rb:19:in `call'
	from /Users/juqiang/.rvm/gems/ruby-1.9.3-p392/bundler/gems/grape-346fb940d126/lib/grape/middleware/error.rb:44:in `block in call!'
	from /Users/juqiang/.rvm/gems/ruby-1.9.3-p392/bundler/gems/grape-346fb940d126/lib/grape/middleware/error.rb:43:in `catch'
	from /Users/juqiang/.rvm/gems/ruby-1.9.3-p392/bundler/gems/grape-346fb940d126/lib/grape/middleware/error.rb:43:in `call!'
	from /Users/juqiang/.rvm/gems/ruby-1.9.3-p392/bundler/gems/grape-346fb940d126/lib/grape/middleware/base.rb:19:in `call'
	from /Users/juqiang/.rvm/gems/ruby-1.9.3-p392/gems/rack-1.4.1/lib/rack/builder.rb:134:in `call'
	from /Users/juqiang/.rvm/gems/ruby-1.9.3-p392/bundler/gems/grape-346fb940d126/lib/grape/endpoint.rb:114:in `call!'
	from /Users/juqiang/.rvm/gems/ruby-1.9.3-p392/bundler/gems/grape-346fb940d126/lib/grape/endpoint.rb:104:in `call'
	from /Users/juqiang/.rvm/gems/ruby-1.9.3-p392/gems/rack-mount-0.8.3/lib/rack/mount/route_set.rb:152:in `block in call'
	from /Users/juqiang/.rvm/gems/ruby-1.9.3-p392/gems/rack-mount-0.8.3/lib/rack/mount/code_generation.rb:96:in `block in recognize'
	from /Users/juqiang/.rvm/gems/ruby-1.9.3-p392/gems/rack-mount-0.8.3/lib/rack/mount/code_generation.rb:82:in `optimized_each'
	from /Users/juqiang/.rvm/gems/ruby-1.9.3-p392/gems/rack-mount-0.8.3/lib/rack/mount/code_generation.rb:95:in `recognize'
	from /Users/juqiang/.rvm/gems/ruby-1.9.3-p392/gems/rack-mount-0.8.3/lib/rack/mount/route_set.rb:141:in `call'
	from /Users/juqiang/.rvm/gems/ruby-1.9.3-p392/bundler/gems/grape-346fb940d126/lib/grape/api.rb:399:in `call'
	from /Users/juqiang/.rvm/gems/ruby-1.9.3-p392/bundler/gems/grape-346fb940d126/lib/grape/api.rb:51:in `call!'
	from /Users/juqiang/.rvm/gems/ruby-1.9.3-p392/bundler/gems/grape-346fb940d126/lib/grape/api.rb:47:in `call'
	from /Users/juqiang/.rvm/gems/ruby-1.9.3-p392/gems/rack-cors-0.2.6/lib/rack/cors.rb:51:in `call'
	from /Users/juqiang/.passenger/standalone/3.0.19-x86_64-ruby1.9.3-macosx-10.7/support/lib/phusion_passenger/rack/request_handler.rb:96:in `process_request'
	from /Users/juqiang/.passenger/standalone/3.0.19-x86_64-ruby1.9.3-macosx-10.7/support/lib/phusion_passenger/abstract_request_handler.rb:516:in `accept_and_process_next_request'
	from /Users/juqiang/.passenger/standalone/3.0.19-x86_64-ruby1.9.3-macosx-10.7/support/lib/phusion_passenger/abstract_request_handler.rb:274:in `main_loop'
	from /Users/juqiang/.passenger/standalone/3.0.19-x86_64-ruby1.9.3-macosx-10.7/support/lib/phusion_passenger/rack/application_spawner.rb:206:in `start_request_handler'
	from /Users/juqiang/.passenger/standalone/3.0.19-x86_64-ruby1.9.3-macosx-10.7/support/lib/phusion_passenger/rack/application_spawner.rb:171:in `block in handle_spawn_application'
	from /Users/juqiang/.passenger/standalone/3.0.19-x86_64-ruby1.9.3-macosx-10.7/support/lib/phusion_passenger/utils.rb:470:in `safe_fork'
	from /Users/juqiang/.passenger/standalone/3.0.19-x86_64-ruby1.9.3-macosx-10.7/support/lib/phusion_passenger/rack/application_spawner.rb:166:in `handle_spawn_application'
	from /Users/juqiang/.passenger/standalone/3.0.19-x86_64-ruby1.9.3-macosx-10.7/support/lib/phusion_passenger/abstract_server.rb:357:in `server_main_loop'
	from /Users/juqiang/.passenger/standalone/3.0.19-x86_64-ruby1.9.3-macosx-10.7/support/lib/phusion_passenger/abstract_server.rb:206:in `start_synchronously'
	from /Users/juqiang/.passenger/standalone/3.0.19-x86_64-ruby1.9.3-macosx-10.7/support/lib/phusion_passenger/abstract_server.rb:180:in `start'
	from /Users/juqiang/.passenger/standalone/3.0.19-x86_64-ruby1.9.3-macosx-10.7/support/lib/phusion_passenger/rack/application_spawner.rb:129:in `start'
	from /Users/juqiang/.passenger/standalone/3.0.19-x86_64-ruby1.9.3-macosx-10.7/support/lib/phusion_passenger/spawn_manager.rb:253:in `block (2 levels) in spawn_rack_application'
	from /Users/juqiang/.passenger/standalone/3.0.19-x86_64-ruby1.9.3-macosx-10.7/support/lib/phusion_passenger/abstract_server_collection.rb:132:in `lookup_or_add'
	from /Users/juqiang/.passenger/standalone/3.0.19-x86_64-ruby1.9.3-macosx-10.7/support/lib/phusion_passenger/spawn_manager.rb:246:in `block in spawn_rack_application'
	from /Users/juqiang/.passenger/standalone/3.0.19-x86_64-ruby1.9.3-macosx-10.7/support/lib/phusion_passenger/abstract_server_collection.rb:82:in `block in synchronize'
	from <internal:prelude>:10:in `synchronize'
	from /Users/juqiang/.passenger/standalone/3.0.19-x86_64-ruby1.9.3-macosx-10.7/support/lib/phusion_passenger/abstract_server_collection.rb:79:in `synchronize'
	from /Users/juqiang/.passenger/standalone/3.0.19-x86_64-ruby1.9.3-macosx-10.7/support/lib/phusion_passenger/spawn_manager.rb:244:in `spawn_rack_application'
	from /Users/juqiang/.passenger/standalone/3.0.19-x86_64-ruby1.9.3-macosx-10.7/support/lib/phusion_passenger/spawn_manager.rb:137:in `spawn_application'
	from /Users/juqiang/.passenger/standalone/3.0.19-x86_64-ruby1.9.3-macosx-10.7/support/lib/phusion_passenger/spawn_manager.rb:275:in `handle_spawn_application'
	from /Users/juqiang/.passenger/standalone/3.0.19-x86_64-ruby1.9.3-macosx-10.7/support/lib/phusion_passenger/abstract_server.rb:357:in `server_main_loop'
	from /Users/juqiang/.passenger/standalone/3.0.19-x86_64-ruby1.9.3-macosx-10.7/support/lib/phusion_passenger/abstract_server.rb:206:in `start_synchronously'
	from /Users/juqiang/.passenger/standalone/3.0.19-x86_64-ruby1.9.3-macosx-10.7/support/helper-scripts/passenger-spawn-server:99:in `<main>'
2013/05/06 17:17:11 [error] 21970#0: *102 upstream prematurely closed connection while reading response header from upstream, client: 211.87.237.72, server: _, request: "POST /test/test.T_save$user HTTP/1.1", upstream: "passenger:unix:/passenger_helper_server:", host: "0.0.0.0:3001"
[ pid=23934 thr=70224879762400 file=utils.rb:176 time=2013-05-06 17:17:11.380 ]: *** Exception Mongo::MongoDBError in application (Collection test doesn't exist. Currently in strict mode.) (process 23934, thread #<Thread:0x007fbd020677c0>):
	from /Users/juqiang/.rvm/gems/ruby-1.9.3-p392/gems/mongo-1.6.2/lib/mongo/db.rb:313:in `collection'
	from /Users/juqiang/GraduationDesign/v1/restv1/drowsy_dromedary.rb:194:in `block (3 levels) in <class:DrowsyDromedary>'
	from /Users/juqiang/.rvm/gems/ruby-1.9.3-p392/bundler/gems/grape-346fb940d126/lib/grape/endpoint.rb:271:in `instance_eval'
	from /Users/juqiang/.rvm/gems/ruby-1.9.3-p392/bundler/gems/grape-346fb940d126/lib/grape/endpoint.rb:271:in `run'
	from /Users/juqiang/.rvm/gems/ruby-1.9.3-p392/bundler/gems/grape-346fb940d126/lib/grape/endpoint.rb:113:in `block in call!'
	from /Users/juqiang/.rvm/gems/ruby-1.9.3-p392/bundler/gems/grape-346fb940d126/lib/grape/middleware/base.rb:25:in `call'
	from /Users/juqiang/.rvm/gems/ruby-1.9.3-p392/bundler/gems/grape-346fb940d126/lib/grape/middleware/base.rb:25:in `call!'
	from /Users/juqiang/.rvm/gems/ruby-1.9.3-p392/bundler/gems/grape-346fb940d126/lib/grape/middleware/base.rb:19:in `call'
	from /Users/juqiang/.rvm/gems/ruby-1.9.3-p392/bundler/gems/grape-346fb940d126/lib/grape/middleware/base.rb:25:in `call!'
	from /Users/juqiang/.rvm/gems/ruby-1.9.3-p392/bundler/gems/grape-346fb940d126/lib/grape/middleware/base.rb:19:in `call'
	from /Users/juqiang/.rvm/gems/ruby-1.9.3-p392/bundler/gems/grape-346fb940d126/lib/grape/middleware/error.rb:44:in `block in call!'
	from /Users/juqiang/.rvm/gems/ruby-1.9.3-p392/bundler/gems/grape-346fb940d126/lib/grape/middleware/error.rb:43:in `catch'
	from /Users/juqiang/.rvm/gems/ruby-1.9.3-p392/bundler/gems/grape-346fb940d126/lib/grape/middleware/error.rb:43:in `call!'
	from /Users/juqiang/.rvm/gems/ruby-1.9.3-p392/bundler/gems/grape-346fb940d126/lib/grape/middleware/base.rb:19:in `call'
	from /Users/juqiang/.rvm/gems/ruby-1.9.3-p392/gems/rack-1.4.1/lib/rack/builder.rb:134:in `call'
	from /Users/juqiang/.rvm/gems/ruby-1.9.3-p392/bundler/gems/grape-346fb940d126/lib/grape/endpoint.rb:114:in `call!'
	from /Users/juqiang/.rvm/gems/ruby-1.9.3-p392/bundler/gems/grape-346fb940d126/lib/grape/endpoint.rb:104:in `call'
	from /Users/juqiang/.rvm/gems/ruby-1.9.3-p392/gems/rack-mount-0.8.3/lib/rack/mount/route_set.rb:152:in `block in call'
	from /Users/juqiang/.rvm/gems/ruby-1.9.3-p392/gems/rack-mount-0.8.3/lib/rack/mount/code_generation.rb:96:in `block in recognize'
	from /Users/juqiang/.rvm/gems/ruby-1.9.3-p392/gems/rack-mount-0.8.3/lib/rack/mount/code_generation.rb:82:in `optimized_each'
	from /Users/juqiang/.rvm/gems/ruby-1.9.3-p392/gems/rack-mount-0.8.3/lib/rack/mount/code_generation.rb:95:in `recognize'
	from /Users/juqiang/.rvm/gems/ruby-1.9.3-p392/gems/rack-mount-0.8.3/lib/rack/mount/route_set.rb:141:in `call'
	from /Users/juqiang/.rvm/gems/ruby-1.9.3-p392/bundler/gems/grape-346fb940d126/lib/grape/api.rb:399:in `call'
	from /Users/juqiang/.rvm/gems/ruby-1.9.3-p392/bundler/gems/grape-346fb940d126/lib/grape/api.rb:51:in `call!'
	from /Users/juqiang/.rvm/gems/ruby-1.9.3-p392/bundler/gems/grape-346fb940d126/lib/grape/api.rb:47:in `call'
	from /Users/juqiang/.rvm/gems/ruby-1.9.3-p392/gems/rack-cors-0.2.6/lib/rack/cors.rb:51:in `call'
	from /Users/juqiang/.passenger/standalone/3.0.19-x86_64-ruby1.9.3-macosx-10.7/support/lib/phusion_passenger/rack/request_handler.rb:96:in `process_request'
	from /Users/juqiang/.passenger/standalone/3.0.19-x86_64-ruby1.9.3-macosx-10.7/support/lib/phusion_passenger/abstract_request_handler.rb:516:in `accept_and_process_next_request'
	from /Users/juqiang/.passenger/standalone/3.0.19-x86_64-ruby1.9.3-macosx-10.7/support/lib/phusion_passenger/abstract_request_handler.rb:274:in `main_loop'
	from /Users/juqiang/.passenger/standalone/3.0.19-x86_64-ruby1.9.3-macosx-10.7/support/lib/phusion_passenger/rack/application_spawner.rb:206:in `start_request_handler'
	from /Users/juqiang/.passenger/standalone/3.0.19-x86_64-ruby1.9.3-macosx-10.7/support/lib/phusion_passenger/rack/application_spawner.rb:171:in `block in handle_spawn_application'
	from /Users/juqiang/.passenger/standalone/3.0.19-x86_64-ruby1.9.3-macosx-10.7/support/lib/phusion_passenger/utils.rb:470:in `safe_fork'
	from /Users/juqiang/.passenger/standalone/3.0.19-x86_64-ruby1.9.3-macosx-10.7/support/lib/phusion_passenger/rack/application_spawner.rb:166:in `handle_spawn_application'
	from /Users/juqiang/.passenger/standalone/3.0.19-x86_64-ruby1.9.3-macosx-10.7/support/lib/phusion_passenger/abstract_server.rb:357:in `server_main_loop'
	from /Users/juqiang/.passenger/standalone/3.0.19-x86_64-ruby1.9.3-macosx-10.7/support/lib/phusion_passenger/abstract_server.rb:206:in `start_synchronously'
	from /Users/juqiang/.passenger/standalone/3.0.19-x86_64-ruby1.9.3-macosx-10.7/support/lib/phusion_passenger/abstract_server.rb:180:in `start'
	from /Users/juqiang/.passenger/standalone/3.0.19-x86_64-ruby1.9.3-macosx-10.7/support/lib/phusion_passenger/rack/application_spawner.rb:129:in `start'
	from /Users/juqiang/.passenger/standalone/3.0.19-x86_64-ruby1.9.3-macosx-10.7/support/lib/phusion_passenger/spawn_manager.rb:253:in `block (2 levels) in spawn_rack_application'
	from /Users/juqiang/.passenger/standalone/3.0.19-x86_64-ruby1.9.3-macosx-10.7/support/lib/phusion_passenger/abstract_server_collection.rb:132:in `lookup_or_add'
	from /Users/juqiang/.passenger/standalone/3.0.19-x86_64-ruby1.9.3-macosx-10.7/support/lib/phusion_passenger/spawn_manager.rb:246:in `block in spawn_rack_application'
	from /Users/juqiang/.passenger/standalone/3.0.19-x86_64-ruby1.9.3-macosx-10.7/support/lib/phusion_passenger/abstract_server_collection.rb:82:in `block in synchronize'
	from <internal:prelude>:10:in `synchronize'
	from /Users/juqiang/.passenger/standalone/3.0.19-x86_64-ruby1.9.3-macosx-10.7/support/lib/phusion_passenger/abstract_server_collection.rb:79:in `synchronize'
	from /Users/juqiang/.passenger/standalone/3.0.19-x86_64-ruby1.9.3-macosx-10.7/support/lib/phusion_passenger/spawn_manager.rb:244:in `spawn_rack_application'
	from /Users/juqiang/.passenger/standalone/3.0.19-x86_64-ruby1.9.3-macosx-10.7/support/lib/phusion_passenger/spawn_manager.rb:137:in `spawn_application'
	from /Users/juqiang/.passenger/standalone/3.0.19-x86_64-ruby1.9.3-macosx-10.7/support/lib/phusion_passenger/spawn_manager.rb:275:in `handle_spawn_application'
	from /Users/juqiang/.passenger/standalone/3.0.19-x86_64-ruby1.9.3-macosx-10.7/support/lib/phusion_passenger/abstract_server.rb:357:in `server_main_loop'
	from /Users/juqiang/.passenger/standalone/3.0.19-x86_64-ruby1.9.3-macosx-10.7/support/lib/phusion_passenger/abstract_server.rb:206:in `start_synchronously'
	from /Users/juqiang/.passenger/standalone/3.0.19-x86_64-ruby1.9.3-macosx-10.7/support/helper-scripts/passenger-spawn-server:99:in `<main>'
